2021-06-04 - 21:41:43
Workflow 'Update workflow.' started.
              Using DaVinci Configurator 5.11.16 SP1 (x86_64).
 21:41:43 - Action 'SLP conformance check' started.
 21:41:43 - Action 'SLP conformance check' started.
 21:41:43 - Action 'SLP conformance check' successfully finished.
 21:41:43 - Action 'SLP conformance check' successfully finished.
 21:41:43 - Action 'Creating back up' started.
 21:41:43 - Action 'Creating back up' started.
              Create backup folder: 'C:\work\AUTOSAR\CanCollege\Autosar4\ProjectBase-II\Backups\backup_dvpa_2021-06-04_21-41-42'.
              Copied project file from: 'C:\work\AUTOSAR\CanCollege\Autosar4\ProjectBase-II\MyECU.dpa' to 'C:\work\AUTOSAR\CanCollege\Autosar4\ProjectBase-II\Backups\backup_dvpa_2021-06-04_21-41-42\MyECU.dpa'.
              Copied ECUC folder from: 'C:\work\AUTOSAR\CanCollege\Autosar4\ProjectBase-II\Config\ECUC' to 'C:\work\AUTOSAR\CanCollege\Autosar4\ProjectBase-II\Backups\backup_dvpa_2021-06-04_21-41-42\Config\ECUC'.
              Copied 'System' folder from: 'C:\work\AUTOSAR\CanCollege\Autosar4\ProjectBase-II\Config\System' to 'C:\work\AUTOSAR\CanCollege\Autosar4\ProjectBase-II\Backups\backup_dvpa_2021-06-04_21-41-42\Config\System'.
              Copied DaVinci Developer Workspace folder from: 'C:\work\AUTOSAR\CanCollege\Autosar4\ProjectBase-II\.\Config\Developer' to 'C:\work\AUTOSAR\CanCollege\Autosar4\ProjectBase-II\Backups\backup_dvpa_2021-06-04_21-41-42\Config\Developer'.
              Copied BSW internal behavior folder from: 'C:\work\AUTOSAR\CanCollege\Autosar4\ProjectBase-II\Config\InternalBehavior' to 'C:\work\AUTOSAR\CanCollege\Autosar4\ProjectBase-II\Backups\backup_dvpa_2021-06-04_21-41-42\Config\InternalBehavior'.
              Copied SWC files folder from: 'C:\work\AUTOSAR\CanCollege\Autosar4\ProjectBase-II\Config\ServiceComponents' to 'C:\work\AUTOSAR\CanCollege\Autosar4\ProjectBase-II\Backups\backup_dvpa_2021-06-04_21-41-42\Config\ServiceComponents'.
              Copied Application Components files folder from: 'C:\work\AUTOSAR\CanCollege\Autosar4\ProjectBase-II\Config\ApplicationComponents' to 'C:\work\AUTOSAR\CanCollege\Autosar4\ProjectBase-II\Backups\backup_dvpa_2021-06-04_21-41-42\Config\ApplicationComponents'.
              Copied Definition Restriction files folder from: 'C:\work\AUTOSAR\CanCollege\Autosar4\ProjectBase-II\DefRestrict' to 'C:\work\AUTOSAR\CanCollege\Autosar4\ProjectBase-II\Backups\backup_dvpa_2021-06-04_21-41-42\DefRestrict'.
 21:41:43 - Action 'Creating back up' successfully finished.
 21:41:43 - Action 'Creating back up' successfully finished.
 21:41:43 - Action 'Processing the input files' started.
 21:41:43 - Action 'Processing the input files' started.
 21:41:43 - Action 'Processing' started.
              Start converting legacy file(s): C:\work\AUTOSAR\CanCollege\Autosar4\ProjectBase-II\Config\_InputDataBases\CAN.dbc.
 21:41:43 - Action 'Converting legacy file(s) to AUTOSAR files' started.
 21:41:43 - Action 'Converting legacy file(s) to AUTOSAR files' started.
              Convert legacy file(s) to System Description.
              Used executable: "C:\work\AUTOSAR\CanCollege\Autosar4\Generators\LegacyDb2SystemDescrConverter\LegacyDb2SystemDescrConverter.exe".
              Arguments: ["C:\work\AUTOSAR\CanCollege\Autosar4\ProjectBase-II\Config\_InputDataBases\CAN.dbc", -o, "C:\Users\DMARJA~1\AppData\Local\Temp\868971338344800\ConvertedLegacy.arxml", -r, 42, -e].
              
              Vector Legacy Database Converter Version 1.7.30.0.
              Copyright c Vector Informatik GmbH 2016.
              License is invalid! Element <SLP> cannot be found.
              
              [info] Command line: "C:\work\AUTOSAR\CanCollege\Autosar4\Generators\LegacyDb2SystemDescrConverter\LegacyDb2SystemDescrConverter.exe" "C:\work\AUTOSAR\CanCollege\Autosar4\ProjectBase-II\Config\_InputDataBases\CAN.dbc" -o "C:\Users\DMARJA~1\AppData\Local\Temp\868971338344800\ConvertedLegacy.arxml" -r 42 -e.
              [info] Options file: -v 15.
              [info] Converting DBC file C:\work\AUTOSAR\CanCollege\Autosar4\ProjectBase-II\Config\_InputDataBases\CAN.dbc.
              [error] DBC attribute definition GenMsgSendType has unknown default value cyclicX.
              [error] DBC attribute definition GenSigSendType has unknown default value cyclicX.
              [info] Writing System Description...
              [info] Writing 3 ECU Extracts...
              
              C:\Users\DMARJA~1\AppData\Local\Temp\868971338344800\ConvertedLegacy.arxml.
              C:\Users\DMARJA~1\AppData\Local\Temp\868971338344800\ConvertedLegacy_MyECU.arxml.
              C:\Users\DMARJA~1\AppData\Local\Temp\868971338344800\ConvertedLegacy_RearECU.arxml.
              C:\Users\DMARJA~1\AppData\Local\Temp\868971338344800\ConvertedLegacy_Tester.arxml.
              Elapsed time: 1.729 seconds.
              2 Errors.
              0 Warnings.
 21:41:46 - Action 'Converting legacy file(s) to AUTOSAR files' successfully finished.
 21:41:46 - Action 'Converting legacy file(s) to AUTOSAR files' successfully finished.
              Legacy converter result file: C:\Users\DMARJA~1\AppData\Local\Temp\868971338344800\ConvertedLegacy_MyECU.arxml.
 21:41:46 - Action 'Processing' successfully finished.
 21:41:46 - Action 'Evaluate system extract paths' started.
 21:41:46 - Action 'Evaluate system extract paths' started.
 21:41:46 - Action 'Evaluate system extract paths' successfully finished.
 21:41:46 - Action 'Evaluate system extract paths' successfully finished.
 21:41:46 - Action 'Processing the input files' successfully finished.
 21:41:46 - Action 'Close Project' started.
 21:41:50 - Action 'Close Project' successfully finished.
 21:41:51 - Action 'Prepare project for EcucUpdate' started.
 21:41:51 - Action 'Create copy of the Project' started.
              Copy project 'C:\work\AUTOSAR\CanCollege\Autosar4\ProjectBase-II' to 'C:\Users\dmarjanovic\AppData\Local\Temp\SC14'...
              Adjusting DPA file of copied project...
 21:41:52 - Action 'Create copy of the Project' successfully finished.
 21:41:52 - Action 'Prepare project for EcucUpdate' successfully finished.
 21:41:52 - Action 'Prepare DaVinci Developer update data' started.
 21:41:52 - Action 'Prepare DaVinci Developer update data' started.
 21:41:53 - Action 'Prepare DaVinci Developer update data' successfully finished.
 21:41:53 - Action 'Prepare DaVinci Developer update data' successfully finished.
 21:41:53 - Action 'Prepare data for update' started.
 21:41:53 - Action 'Prepare data for update' successfully finished.
 21:41:53 - Action 'Prepare System Extract' started.
 21:41:53 - Action 'Preprocessing System Extract' started.
 21:41:53 - Action 'Preprocessing System Extract' successfully finished.
 21:41:53 - Action 'Create OEM Communication Extract' started.
 21:41:54 - Action 'Create OEM Communication Extract' successfully finished.
 21:41:54 - Action 'Prepare System Extract' successfully finished.
 21:41:54 - Action 'Updating the project' started.
 21:41:54 - Action 'Updating the project' started.
 21:42:03 - Action 'Generate ECU configuration' started.
 21:42:09 - Action 'Diagnostics Description Import for CDD' started.
 21:42:18 - Action 'Diagnostics Description Import for CDD' successfully finished.
 21:42:18 - Action 'Validation and Auto-Solving-Actions' started.
 21:42:30 - Action 'Validation and Auto-Solving-Actions' successfully finished.
 21:42:30 - Action 'Generate ECU configuration' successfully finished.
 21:42:30 - Action 'Update ECU configuration' started.
 21:42:43 - Action 'Update ECU configuration' successfully finished.
 21:42:43 - Action 'Updating the project' successfully finished.
 21:42:43 - Action 'Updating the project' successfully finished.
 21:42:43 - Action 'Adapt project file' started.
 21:42:44 - Action 'Adapt project file' successfully finished.
 21:42:44 - Action 'Execute update-specific solving actions' started.
 21:43:00 - Action 'Execute update-specific solving actions' successfully finished.
 21:43:00 - Action 'Update DaVinci Developer Workspace' started.
 21:43:18 - Action 'Update DaVinci Developer Workspace' successfully finished.
 21:43:19 - Action 'Update RTE configuration' started.
 21:43:30 - Action 'Update RTE configuration' successfully finished.
 21:43:30 - Action 'Align differences after successful update' started.
 21:43:30 - Action 'Align differences after successful update' started.
 21:43:31 - Action 'Align differences after successful update' successfully finished.
 21:43:31 - Action 'Align differences after successful update' successfully finished.
 21:43:31 - Action 'Clean up update data' started.
 21:43:31 - Action 'Clean up update data' successfully finished.
 21:43:31 - Action 'Open Project' started.
 21:43:53 - Action 'Open Project' successfully finished.
21:43:53 - Workflow 'Update workflow.' successfully finished.
