2023-03-09 - 11:03:43
Workflow 'Update workflow.' started.
              Using DaVinci Configurator 5.11.16 SP1 (x86_64).
 11:03:43 - Action 'SLP conformance check' started.
 11:03:43 - Action 'SLP conformance check' started.
 11:03:43 - Action 'SLP conformance check' successfully finished.
 11:03:43 - Action 'SLP conformance check' successfully finished.
 11:03:43 - Action 'Creating back up' started.
 11:03:43 - Action 'Creating back up' started.
              Create backup folder: 'C:\nit-au-03\Boki\AUTOSAR_Exercises\AFS\Backups\backup_dvpa_2023-03-09_11-03-43'.
              Copied project file from: 'C:\nit-au-03\Boki\AUTOSAR_Exercises\AFS\MyECU.dpa' to 'C:\nit-au-03\Boki\AUTOSAR_Exercises\AFS\Backups\backup_dvpa_2023-03-09_11-03-43\MyECU.dpa'.
              Copied ECUC folder from: 'C:\nit-au-03\Boki\AUTOSAR_Exercises\AFS\Config\ECUC' to 'C:\nit-au-03\Boki\AUTOSAR_Exercises\AFS\Backups\backup_dvpa_2023-03-09_11-03-43\Config\ECUC'.
              Copied 'System' folder from: 'C:\nit-au-03\Boki\AUTOSAR_Exercises\AFS\Config\System' to 'C:\nit-au-03\Boki\AUTOSAR_Exercises\AFS\Backups\backup_dvpa_2023-03-09_11-03-43\Config\System'.
              Copied DaVinci Developer Workspace folder from: 'C:\nit-au-03\Boki\AUTOSAR_Exercises\AFS\.\Config\Developer' to 'C:\nit-au-03\Boki\AUTOSAR_Exercises\AFS\Backups\backup_dvpa_2023-03-09_11-03-43\Config\Developer'.
              Copied BSW internal behavior folder from: 'C:\nit-au-03\Boki\AUTOSAR_Exercises\AFS\Config\InternalBehavior' to 'C:\nit-au-03\Boki\AUTOSAR_Exercises\AFS\Backups\backup_dvpa_2023-03-09_11-03-43\Config\InternalBehavior'.
              Copied SWC files folder from: 'C:\nit-au-03\Boki\AUTOSAR_Exercises\AFS\Config\ServiceComponents' to 'C:\nit-au-03\Boki\AUTOSAR_Exercises\AFS\Backups\backup_dvpa_2023-03-09_11-03-43\Config\ServiceComponents'.
              Copied Application Components files folder from: 'C:\nit-au-03\Boki\AUTOSAR_Exercises\AFS\Config\ApplicationComponents' to 'C:\nit-au-03\Boki\AUTOSAR_Exercises\AFS\Backups\backup_dvpa_2023-03-09_11-03-43\Config\ApplicationComponents'.
              Copied Definition Restriction files folder from: 'C:\nit-au-03\Boki\AUTOSAR_Exercises\AFS\DefRestrict' to 'C:\nit-au-03\Boki\AUTOSAR_Exercises\AFS\Backups\backup_dvpa_2023-03-09_11-03-43\DefRestrict'.
 11:03:43 - Action 'Creating back up' successfully finished.
 11:03:43 - Action 'Creating back up' successfully finished.
 11:03:43 - Action 'Processing the input files' started.
 11:03:43 - Action 'Processing the input files' started.
 11:03:43 - Action 'Processing' started.
              Start converting legacy file(s): C:\nit-au-03\Boki\AUTOSAR_Exercises\AFS\Config\_InputDataBases\CAN.dbc.
 11:03:43 - Action 'Converting legacy file(s) to AUTOSAR files' started.
 11:03:43 - Action 'Converting legacy file(s) to AUTOSAR files' started.
              Convert legacy file(s) to System Description.
              Used executable: "C:\nit-au-03\Boki\AUTOSAR_Exercises\Generators\LegacyDb2SystemDescrConverter\LegacyDb2SystemDescrConverter.exe".
              Arguments: ["C:\nit-au-03\Boki\AUTOSAR_Exercises\AFS\Config\_InputDataBases\CAN.dbc", -o, "C:\Users\nituser\AppData\Local\Temp\782704207283400\ConvertedLegacy.arxml", -r, 42, -e].
              
              Vector Legacy Database Converter Version 1.7.30.0.
              Copyright c Vector Informatik GmbH 2016.
              License is invalid! Element <SLP> cannot be found.
              
              [info] Command line: "C:\nit-au-03\Boki\AUTOSAR_Exercises\Generators\LegacyDb2SystemDescrConverter\LegacyDb2SystemDescrConverter.exe" "C:\nit-au-03\Boki\AUTOSAR_Exercises\AFS\Config\_InputDataBases\CAN.dbc" -o "C:\Users\nituser\AppData\Local\Temp\782704207283400\ConvertedLegacy.arxml" -r 42 -e.
              [info] Options file: -v 15.
              [info] Converting DBC file C:\nit-au-03\Boki\AUTOSAR_Exercises\AFS\Config\_InputDataBases\CAN.dbc.
              [error] DBC attribute definition GenMsgSendType has unknown default value cyclicX.
              [error] DBC attribute definition GenSigSendType has unknown default value cyclicX.
              [info] Writing System Description...
              [info] Writing 3 ECU Extracts...
              
              C:\Users\nituser\AppData\Local\Temp\782704207283400\ConvertedLegacy.arxml.
              C:\Users\nituser\AppData\Local\Temp\782704207283400\ConvertedLegacy_MyECU.arxml.
              C:\Users\nituser\AppData\Local\Temp\782704207283400\ConvertedLegacy_RearECU.arxml.
              C:\Users\nituser\AppData\Local\Temp\782704207283400\ConvertedLegacy_Tester.arxml.
              Elapsed time: 0,490 seconds.
              2 Errors.
              0 Warnings.
 11:03:44 - Action 'Converting legacy file(s) to AUTOSAR files' successfully finished.
 11:03:44 - Action 'Converting legacy file(s) to AUTOSAR files' successfully finished.
              Legacy converter result file: C:\Users\nituser\AppData\Local\Temp\782704207283400\ConvertedLegacy_MyECU.arxml.
 11:03:44 - Action 'Processing' successfully finished.
 11:03:44 - Action 'Evaluate system extract paths' started.
 11:03:44 - Action 'Evaluate system extract paths' started.
 11:03:44 - Action 'Evaluate system extract paths' successfully finished.
 11:03:44 - Action 'Evaluate system extract paths' successfully finished.
 11:03:44 - Action 'Processing the input files' successfully finished.
 11:03:44 - Action 'Close Project' started.
 11:03:45 - Action 'Close Project' successfully finished.
 11:03:45 - Action 'Prepare project for EcucUpdate' started.
 11:03:45 - Action 'Create copy of the Project' started.
              Copy project 'C:\nit-au-03\Boki\AUTOSAR_Exercises\AFS' to 'C:\Users\nituser\AppData\Local\Temp\SC9'...
              Adjusting DPA file of copied project...
 11:03:46 - Action 'Create copy of the Project' successfully finished.
 11:03:46 - Action 'Prepare project for EcucUpdate' successfully finished.
 11:03:46 - Action 'Prepare DaVinci Developer update data' started.
 11:03:46 - Action 'Prepare DaVinci Developer update data' started.
 11:03:46 - Action 'Prepare DaVinci Developer update data' successfully finished.
 11:03:46 - Action 'Prepare DaVinci Developer update data' successfully finished.
 11:03:46 - Action 'Prepare data for update' started.
 11:03:46 - Action 'Prepare data for update' successfully finished.
 11:03:46 - Action 'Prepare System Extract' started.
 11:03:46 - Action 'Preprocessing System Extract' started.
 11:03:46 - Action 'Preprocessing System Extract' successfully finished.
 11:03:46 - Action 'Create OEM Communication Extract' started.
 11:03:46 - Action 'Create OEM Communication Extract' successfully finished.
 11:03:46 - Action 'Prepare System Extract' successfully finished.
 11:03:46 - Action 'Updating the project' started.
 11:03:46 - Action 'Updating the project' started.
 11:03:49 - Action 'Generate ECU configuration' started.
 11:03:51 - Action 'Diagnostics Description Import for CDD' started.
 11:03:53 - Action 'Diagnostics Description Import for CDD' successfully finished.
 11:03:53 - Action 'Validation and Auto-Solving-Actions' started.
 11:03:57 - Action 'Validation and Auto-Solving-Actions' successfully finished.
 11:03:57 - Action 'Generate ECU configuration' successfully finished.
 11:03:57 - Action 'Update ECU configuration' started.
 11:04:01 - Action 'Update ECU configuration' successfully finished.
 11:04:01 - Action 'Updating the project' successfully finished.
 11:04:01 - Action 'Updating the project' successfully finished.
 11:04:01 - Action 'Adapt project file' started.
 11:04:02 - Action 'Adapt project file' successfully finished.
 11:04:02 - Action 'Execute update-specific solving actions' started.
 11:04:06 - Action 'Execute update-specific solving actions' successfully finished.
 11:04:06 - Action 'Update DaVinci Developer Workspace' started.
 11:04:14 - Action 'Update DaVinci Developer Workspace' successfully finished.
 11:04:14 - Action 'Update RTE configuration' started.
 11:04:17 - Action 'Update RTE configuration' successfully finished.
 11:04:17 - Action 'Align differences after successful update' started.
 11:04:17 - Action 'Align differences after successful update' started.
 11:04:18 - Action 'Align differences after successful update' successfully finished.
 11:04:18 - Action 'Align differences after successful update' successfully finished.
 11:04:18 - Action 'Clean up update data' started.
 11:04:18 - Action 'Clean up update data' successfully finished.
 11:04:18 - Action 'Open Project' started.
 11:04:23 - Action 'Open Project' successfully finished.
11:04:24 - Workflow 'Update workflow.' successfully finished.
